# LOG REG RESULTS, TRAIN/TEST FRACTION: 0.8
# Nor Set OL?  Siz  Ord  Ass  Tra  Deg  Cor  NTr  NCl  Cnu  Clu  Eco  Ecc  Dia  Bet  Den  Rad  Scl  Com  Pag  Cen 
xmin  1  T     0.3  0.5  0.8  0.4  0.4  0.0  0.6  1.0  0.5  1.0  0.0  0.2  0.2  0.2  0.8  0.2  1.0  0.2  1.0  1.0  
xmin  1  F     0.3  0.7  0.8  0.4  0.4  0.1  0.6  1.0  0.5  1.0  0.0  0.3  0.1  0.2  0.8  0.2  1.0  0.6  1.0  1.0  
xmin  2  T     0.4  0.6  0.1  0.9  0.8  0.7  0.0  0.8  0.5  0.9  0.0  0.3  0.3  0.4  1.0  0.1  1.0  1.0  0.9  0.8  
xmin  2  F     0.3  0.8  1.0  0.6  0.2  0.1  0.0  0.0  0.5  1.0  0.0  0.4  0.2  0.5  0.9  0.5  0.1  0.0  1.0  1.0  
xmin  3  T     0.5  0.2  0.2  1.0  0.6  0.1  1.0  0.8  0.4  0.3  0.0  0.5  0.3  0.5  0.6  0.1  1.0  0.4  1.0  0.8  
xmin  3  F     0.2  1.0  0.7  1.0  0.3  0.0  0.0  0.0  0.8  1.0  0.0  0.1  0.1  0.1  0.9  0.3  1.0  0.0  1.0  1.0  
xmin  4  T     0.4  0.1  0.1  0.2  0.6  0.8  0.2  0.9  1.0  0.1  0.0  0.4  0.2  0.2  0.4  0.1  0.1  0.6  0.7  1.0  
xmin  4  F     0.6  0.4  1.0  0.8  0.2  0.3  0.3  0.0  0.6  1.0  0.0  0.5  0.6  0.6  0.1  0.2  0.5  0.0  1.0  1.0  
xmin  5  T     0.1  0.0  0.0  0.2  0.4  0.9  0.0  0.3  0.4  0.0  0.0  0.2  0.2  0.0  0.6  0.0  0.0  0.2  0.3  1.0  
xmin  5  F     0.2  1.0  1.0  1.0  0.5  0.6  0.4  0.0  0.0  1.0  0.0  0.4  0.3  0.3  0.7  0.1  0.8  0.0  1.0  1.0  
gaus  1  T     0.4  0.6  0.8  0.3  0.4  0.0  0.7  1.0  0.5  1.0  0.0  0.3  0.1  0.3  0.7  0.2  1.0  0.1  1.0  1.0  
gaus  1  F     0.3  0.7  0.7  0.3  0.3  0.1  0.5  1.0  0.4  1.0  0.0  0.3  0.1  0.2  0.8  0.3  1.0  0.5  1.0  1.0  
gaus  2  T     0.5  0.5  0.1  0.8  0.8  0.7  0.1  0.7  0.4  0.9  0.0  0.2  0.4  0.3  1.0  0.1  1.0  1.0  0.9  0.9  
gaus  2  F     0.2  0.9  1.0  0.6  0.2  0.0  0.0  0.0  0.4  1.0  0.0  0.4  0.2  0.4  0.9  0.5  0.2  0.0  1.0  1.0  
gaus  3  T     0.5  0.2  0.2  1.0  0.6  0.1  1.0  0.8  0.4  0.3  0.0  0.5  0.2  0.5  0.6  0.1  1.0  0.4  1.0  0.8  
gaus  3  F     0.3  1.0  0.7  1.0  0.3  0.0  0.0  0.0  0.7  1.0  0.0  0.1  0.1  0.1  0.9  0.3  1.0  0.0  1.0  1.0  
gaus  4  T     0.4  0.2  0.1  0.2  0.6  0.8  0.3  0.9  1.0  0.1  0.0  0.4  0.2  0.2  0.3  0.1  0.1  0.7  0.7  1.0  
gaus  4  F     0.6  0.5  1.0  0.7  0.2  0.3  0.2  0.0  0.6  1.0  0.0  0.5  0.6  0.5  0.1  0.2  0.5  0.0  1.0  1.0  
gaus  5  T     0.1  0.0  0.0  0.2  0.4  0.9  0.0  0.2  0.3  0.0  0.0  0.2  0.2  0.1  0.6  0.0  0.0  0.2  0.4  1.0  
gaus  5  F     0.3  1.0  1.0  1.0  0.5  0.6  0.3  0.0  0.0  1.0  0.0  0.5  0.3  0.2  0.7  0.0  0.8  0.0  1.0  1.0  
none  1  T     0.3  0.6  0.9  0.4  0.5  0.0  0.6  1.0  0.4  1.0  0.0  0.3  0.1  0.2  0.8  0.2  1.0  0.1  1.0  1.0  
none  1  F     0.3  0.6  0.8  0.3  0.4  0.0  0.5  1.0  0.5  1.0  0.0  0.2  0.1  0.2  0.8  0.2  1.0  0.5  1.0  1.0  
none  2  T     0.5  0.5  0.2  0.8  0.8  0.7  0.1  0.8  0.4  0.9  0.0  0.2  0.3  0.4  1.0  0.1  1.0  1.0  0.9  0.9  
none  2  F     0.3  0.9  1.0  0.6  0.2  0.1  0.0  0.0  0.4  1.0  0.0  0.3  0.2  0.5  0.9  0.5  0.3  0.0  1.0  1.0  
none  3  T     0.4  0.2  0.3  1.0  0.6  0.1  1.0  0.8  0.4  0.3  0.0  0.5  0.3  0.5  0.6  0.1  1.0  0.5  1.0  0.7  
none  3  F     0.2  1.0  0.7  1.0  0.3  0.0  0.0  0.0  0.7  1.0  0.0  0.1  0.1  0.1  0.9  0.3  1.0  0.0  1.0  1.0  
none  4  T     0.5  0.1  0.1  0.2  0.6  0.7  0.3  0.8  1.0  0.1  0.0  0.3  0.2  0.2  0.4  0.1  0.1  0.6  0.6  1.0  
none  4  F     0.7  0.5  1.0  0.8  0.1  0.3  0.2  0.0  0.7  1.0  0.0  0.6  0.6  0.5  0.1  0.2  0.4  0.0  1.0  1.0  
none  5  T     0.1  0.0  0.0  0.2  0.4  0.9  0.0  0.3  0.3  0.1  0.0  0.2  0.2  0.0  0.6  0.1  0.0  0.3  0.4  1.0  
none  5  F     0.3  1.0  1.0  1.0  0.5  0.6  0.4  0.0  0.0  1.0  0.0  0.4  0.2  0.3  0.7  0.0  0.9  0.0  1.0  1.0  
